This file contains any messages produced by compilers while
running configure, to aid debugging if configure makes a mistake.

It was created by Protocol Buffers configure 2.2.0, which was
generated by GNU Autoconf 2.61.  Invocation command line was

  $ ./configure 

## --------- ##
## Platform. ##
## --------- ##

hostname = rrdhcp-60-161.redrover.cornell.edu
uname -m = i386
uname -r = 10.8.0
uname -s = Darwin
uname -v = Darwin Kernel Version 10.8.0: Tue Jun  7 16:33:36 PDT 2011; root:xnu-1504.15.3~1/RELEASE_I386

/usr/bin/uname -p = i386
/bin/uname -X     = unknown

/bin/arch              = unknown
/usr/bin/arch -k       = unknown
/usr/convex/getsysinfo = unknown
/usr/bin/hostinfo      = Mach kernel version:
	 Darwin Kernel Version 10.8.0: Tue Jun  7 16:33:36 PDT 2011; root:xnu-1504.15.3~1/RELEASE_I386
Kernel configured for up to 4 processors.
2 processors are physically available.
4 processors are logically available.
Processor type: i486 (Intel 80486)
Processors active: 0 1 2 3
Primary memory available: 4.00 gigabytes
Default processor set: 73 tasks, 358 threads, 4 processors
Load average: 2.94, Mach factor: 1.05
/bin/machine           = unknown
/usr/bin/oslevel       = unknown
/bin/universe          = unknown

PATH: /usr/bin
PATH: /bin
PATH: /usr/sbin
PATH: /sbin
PATH: /usr/local/bin
PATH: /usr/texbin
PATH: /usr/X11/bin


## ----------- ##
## Core tests. ##
## ----------- ##

configure:1879: checking build system type
configure:1897: result: i386-apple-darwin10.8.0
configure:1919: checking host system type
configure:1934: result: i386-apple-darwin10.8.0
configure:1956: checking target system type
configure:1971: result: i386-apple-darwin10.8.0
configure:2015: checking for a BSD-compatible install
configure:2071: result: /usr/bin/install -c
configure:2082: checking whether build environment is sane
configure:2125: result: yes
configure:2153: checking for a thread-safe mkdir -p
configure:2192: result: ./install-sh -c -d
configure:2205: checking for gawk
configure:2235: result: no
configure:2205: checking for mawk
configure:2235: result: no
configure:2205: checking for nawk
configure:2235: result: no
configure:2205: checking for awk
configure:2221: found /usr/bin/awk
configure:2232: result: awk
configure:2243: checking whether make sets $(MAKE)
configure:2264: result: yes
configure:2520: checking for gcc
configure:2536: found /usr/bin/gcc
configure:2547: result: gcc
configure:2785: checking for C compiler version
configure:2792: gcc --version >&5
i686-apple-darwin10-llvm-gcc-4.2 (GCC) 4.2.1 (Based on Apple Inc. build 5658) (LLVM build 2336.1.00)
Copyright (C) 2007 Free Software Foundation, Inc.
This is free software; see the source for copying conditions.  There is NO
warranty; not even for MERCHANTABILITY or FITNESS FOR A PARTICULAR PURPOSE.

configure:2795: $? = 0
configure:2802: gcc -v >&5
Using built-in specs.
Target: i686-apple-darwin10
Configured with: /private/var/tmp/llvmgcc42/llvmgcc42-2336.1~3/src/configure --disable-checking --enable-werror --prefix=/Developer/usr/llvm-gcc-4.2 --mandir=/share/man --enable-languages=c,objc,c++,obj-c++ --program-prefix=llvm- --program-transform-name=/^[cg][^.-]*$/s/$/-4.2/ --with-slibdir=/usr/lib --build=i686-apple-darwin10 --enable-llvm=/private/var/tmp/llvmgcc42/llvmgcc42-2336.1~3/dst-llvmCore/Developer/usr/local --program-prefix=i686-apple-darwin10- --host=x86_64-apple-darwin10 --target=i686-apple-darwin10 --with-gxx-include-dir=/usr/include/c++/4.2.1
Thread model: posix
gcc version 4.2.1 (Based on Apple Inc. build 5658) (LLVM build 2336.1.00)
configure:2805: $? = 0
configure:2812: gcc -V >&5
llvm-gcc-4.2: argument to `-V' is missing
configure:2815: $? = 1
configure:2838: checking for C compiler default output file name
configure:2865: gcc    conftest.c  >&5
configure:2868: $? = 0
configure:2906: result: a.out
configure:2923: checking whether the C compiler works
configure:2933: ./a.out
configure:2936: $? = 0
configure:2953: result: yes
configure:2960: checking whether we are cross compiling
configure:2962: result: no
configure:2965: checking for suffix of executables
configure:2972: gcc -o conftest    conftest.c  >&5
configure:2975: $? = 0
configure:2999: result: 
configure:3005: checking for suffix of object files
configure:3031: gcc -c   conftest.c >&5
configure:3034: $? = 0
configure:3057: result: o
configure:3061: checking whether we are using the GNU C compiler
configure:3090: gcc -c   conftest.c >&5
configure:3096: $? = 0
configure:3113: result: yes
configure:3118: checking whether gcc accepts -g
configure:3148: gcc -c -g  conftest.c >&5
configure:3154: $? = 0
configure:3253: result: yes
configure:3270: checking for gcc option to accept ISO C89
configure:3344: gcc  -c   conftest.c >&5
configure:3350: $? = 0
configure:3373: result: none needed
configure:3402: checking for style of include used by make
configure:3430: result: GNU
configure:3455: checking dependency style of gcc
configure:3546: result: gcc3
configure:3619: checking for g++
configure:3635: found /usr/bin/g++
configure:3646: result: g++
configure:3677: checking for C++ compiler version
configure:3684: g++ --version >&5
i686-apple-darwin10-llvm-g++-4.2 (GCC) 4.2.1 (Based on Apple Inc. build 5658) (LLVM build 2336.1.00)
Copyright (C) 2007 Free Software Foundation, Inc.
This is free software; see the source for copying conditions.  There is NO
warranty; not even for MERCHANTABILITY or FITNESS FOR A PARTICULAR PURPOSE.

configure:3687: $? = 0
configure:3694: g++ -v >&5
Using built-in specs.
Target: i686-apple-darwin10
Configured with: /private/var/tmp/llvmgcc42/llvmgcc42-2336.1~3/src/configure --disable-checking --enable-werror --prefix=/Developer/usr/llvm-gcc-4.2 --mandir=/share/man --enable-languages=c,objc,c++,obj-c++ --program-prefix=llvm- --program-transform-name=/^[cg][^.-]*$/s/$/-4.2/ --with-slibdir=/usr/lib --build=i686-apple-darwin10 --enable-llvm=/private/var/tmp/llvmgcc42/llvmgcc42-2336.1~3/dst-llvmCore/Developer/usr/local --program-prefix=i686-apple-darwin10- --host=x86_64-apple-darwin10 --target=i686-apple-darwin10 --with-gxx-include-dir=/usr/include/c++/4.2.1
Thread model: posix
gcc version 4.2.1 (Based on Apple Inc. build 5658) (LLVM build 2336.1.00)
configure:3697: $? = 0
configure:3704: g++ -V >&5
llvm-g++-4.2: argument to `-V' is missing
configure:3707: $? = 1
configure:3710: checking whether we are using the GNU C++ compiler
configure:3739: g++ -c   conftest.cpp >&5
configure:3745: $? = 0
configure:3762: result: yes
configure:3767: checking whether g++ accepts -g
configure:3797: g++ -c -g  conftest.cpp >&5
configure:3803: $? = 0
configure:3902: result: yes
configure:3927: checking dependency style of g++
configure:4018: result: gcc3
configure:4051: checking how to run the C++ preprocessor
configure:4087: g++ -E  conftest.cpp
configure:4093: $? = 0
configure:4124: g++ -E  conftest.cpp
conftest.cpp:11:28: error: ac_nonexistent.h: No such file or directory
configure:4130: $? = 1
configure: failed program was:
| /* confdefs.h.  */
| #define PACKAGE_NAME "Protocol Buffers"
| #define PACKAGE_TARNAME "protobuf"
| #define PACKAGE_VERSION "2.2.0"
| #define PACKAGE_STRING "Protocol Buffers 2.2.0"
| #define PACKAGE_BUGREPORT "protobuf@googlegroups.com"
| #define PACKAGE "protobuf"
| #define VERSION "2.2.0"
| #define _GNU_SOURCE 1
| /* end confdefs.h.  */
| #include <ac_nonexistent.h>
configure:4163: result: g++ -E
configure:4192: g++ -E  conftest.cpp
configure:4198: $? = 0
configure:4229: g++ -E  conftest.cpp
conftest.cpp:11:28: error: ac_nonexistent.h: No such file or directory
configure:4235: $? = 1
configure: failed program was:
| /* confdefs.h.  */
| #define PACKAGE_NAME "Protocol Buffers"
| #define PACKAGE_TARNAME "protobuf"
| #define PACKAGE_VERSION "2.2.0"
| #define PACKAGE_STRING "Protocol Buffers 2.2.0"
| #define PACKAGE_BUGREPORT "protobuf@googlegroups.com"
| #define PACKAGE "protobuf"
| #define VERSION "2.2.0"
| #define _GNU_SOURCE 1
| /* end confdefs.h.  */
| #include <ac_nonexistent.h>
configure:4273: checking for grep that handles long lines and -e
configure:4347: result: /usr/bin/grep
configure:4352: checking for egrep
configure:4430: result: /usr/bin/grep -E
configure:4436: checking for AIX
configure:4458: result: no
configure:4464: checking for ANSI C header files
configure:4494: g++ -c   conftest.cpp >&5
configure:4500: $? = 0
configure:4599: g++ -o conftest    conftest.cpp  >&5
configure:4602: $? = 0
configure:4608: ./conftest
configure:4611: $? = 0
configure:4628: result: yes
configure:4652: checking for sys/types.h
configure:4673: g++ -c   conftest.cpp >&5
configure:4679: $? = 0
configure:4695: result: yes
configure:4652: checking for sys/stat.h
configure:4673: g++ -c   conftest.cpp >&5
configure:4679: $? = 0
configure:4695: result: yes
configure:4652: checking for stdlib.h
configure:4673: g++ -c   conftest.cpp >&5
configure:4679: $? = 0
configure:4695: result: yes
configure:4652: checking for string.h
configure:4673: g++ -c   conftest.cpp >&5
configure:4679: $? = 0
configure:4695: result: yes
configure:4652: checking for memory.h
configure:4673: g++ -c   conftest.cpp >&5
configure:4679: $? = 0
configure:4695: result: yes
configure:4652: checking for strings.h
configure:4673: g++ -c   conftest.cpp >&5
configure:4679: $? = 0
configure:4695: result: yes
configure:4652: checking for inttypes.h
configure:4673: g++ -c   conftest.cpp >&5
configure:4679: $? = 0
configure:4695: result: yes
configure:4652: checking for stdint.h
configure:4673: g++ -c   conftest.cpp >&5
configure:4679: $? = 0
configure:4695: result: yes
configure:4652: checking for unistd.h
configure:4673: g++ -c   conftest.cpp >&5
configure:4679: $? = 0
configure:4695: result: yes
configure:4717: checking minix/config.h usability
configure:4734: g++ -c   conftest.cpp >&5
conftest.cpp:54:26: error: minix/config.h: No such file or directory
configure:4740: $? = 1
configure: failed program was:
| /* confdefs.h.  */
| #define PACKAGE_NAME "Protocol Buffers"
| #define PACKAGE_TARNAME "protobuf"
| #define PACKAGE_VERSION "2.2.0"
| #define PACKAGE_STRING "Protocol Buffers 2.2.0"
| #define PACKAGE_BUGREPORT "protobuf@googlegroups.com"
| #define PACKAGE "protobuf"
| #define VERSION "2.2.0"
| #define _GNU_SOURCE 1
| #define STDC_HEADERS 1
| #define HAVE_SYS_TYPES_H 1
| #define HAVE_SYS_STAT_H 1
| #define HAVE_STDLIB_H 1
| #define HAVE_STRING_H 1
| #define HAVE_MEMORY_H 1
| #define HAVE_STRINGS_H 1
| #define HAVE_INTTYPES_H 1
| #define HAVE_STDINT_H 1
| #define HAVE_UNISTD_H 1
| /* end confdefs.h.  */
| #include <stdio.h>
| #ifdef HAVE_SYS_TYPES_H
| # include <sys/types.h>
| #endif
| #ifdef HAVE_SYS_STAT_H
| # include <sys/stat.h>
| #endif
| #ifdef STDC_HEADERS
| # include <stdlib.h>
| # include <stddef.h>
| #else
| # ifdef HAVE_STDLIB_H
| #  include <stdlib.h>
| # endif
| #endif
| #ifdef HAVE_STRING_H
| # if !defined STDC_HEADERS && defined HAVE_MEMORY_H
| #  include <memory.h>
| # endif
| # include <string.h>
| #endif
| #ifdef HAVE_STRINGS_H
| # include <strings.h>
| #endif
| #ifdef HAVE_INTTYPES_H
| # include <inttypes.h>
| #endif
| #ifdef HAVE_STDINT_H
| # include <stdint.h>
| #endif
| #ifdef HAVE_UNISTD_H
| # include <unistd.h>
| #endif
| #include <minix/config.h>
configure:4754: result: no
configure:4758: checking minix/config.h presence
configure:4773: g++ -E  conftest.cpp
conftest.cpp:21:26: error: minix/config.h: No such file or directory
configure:4779: $? = 1
configure: failed program was:
| /* confdefs.h.  */
| #define PACKAGE_NAME "Protocol Buffers"
| #define PACKAGE_TARNAME "protobuf"
| #define PACKAGE_VERSION "2.2.0"
| #define PACKAGE_STRING "Protocol Buffers 2.2.0"
| #define PACKAGE_BUGREPORT "protobuf@googlegroups.com"
| #define PACKAGE "protobuf"
| #define VERSION "2.2.0"
| #define _GNU_SOURCE 1
| #define STDC_HEADERS 1
| #define HAVE_SYS_TYPES_H 1
| #define HAVE_SYS_STAT_H 1
| #define HAVE_STDLIB_H 1
| #define HAVE_STRING_H 1
| #define HAVE_MEMORY_H 1
| #define HAVE_STRINGS_H 1
| #define HAVE_INTTYPES_H 1
| #define HAVE_STDINT_H 1
| #define HAVE_UNISTD_H 1
| /* end confdefs.h.  */
| #include <minix/config.h>
configure:4793: result: no
configure:4826: checking for minix/config.h
configure:4833: result: no
configure:4874: checking whether it is safe to define __EXTENSIONS__
configure:4902: g++ -c   conftest.cpp >&5
configure:4908: $? = 0
configure:4923: result: yes
configure:4951: checking C++ compiler flags...
configure:4968: result: use default: -O2  -g -DNDEBUG
configure:4989: checking whether __SUNPRO_CC is declared
configure:5018: g++ -c  -g -DNDEBUG  conftest.cpp >&5
conftest.cpp: In function 'int main()':
conftest.cpp:61: error: '__SUNPRO_CC' was not declared in this scope
configure:5024: $? = 1
configure: failed program was:
| /* confdefs.h.  */
| #define PACKAGE_NAME "Protocol Buffers"
| #define PACKAGE_TARNAME "protobuf"
| #define PACKAGE_VERSION "2.2.0"
| #define PACKAGE_STRING "Protocol Buffers 2.2.0"
| #define PACKAGE_BUGREPORT "protobuf@googlegroups.com"
| #define PACKAGE "protobuf"
| #define VERSION "2.2.0"
| #define _GNU_SOURCE 1
| #define STDC_HEADERS 1
| #define HAVE_SYS_TYPES_H 1
| #define HAVE_SYS_STAT_H 1
| #define HAVE_STDLIB_H 1
| #define HAVE_STRING_H 1
| #define HAVE_MEMORY_H 1
| #define HAVE_STRINGS_H 1
| #define HAVE_INTTYPES_H 1
| #define HAVE_STDINT_H 1
| #define HAVE_UNISTD_H 1
| #define __EXTENSIONS__ 1
| #define _POSIX_PTHREAD_SEMANTICS 1
| #define _TANDEM_SOURCE 1
| /* end confdefs.h.  */
| #include <stdio.h>
| #ifdef HAVE_SYS_TYPES_H
| # include <sys/types.h>
| #endif
| #ifdef HAVE_SYS_STAT_H
| # include <sys/stat.h>
| #endif
| #ifdef STDC_HEADERS
| # include <stdlib.h>
| # include <stddef.h>
| #else
| # ifdef HAVE_STDLIB_H
| #  include <stdlib.h>
| # endif
| #endif
| #ifdef HAVE_STRING_H
| # if !defined STDC_HEADERS && defined HAVE_MEMORY_H
| #  include <memory.h>
| # endif
| # include <string.h>
| #endif
| #ifdef HAVE_STRINGS_H
| # include <strings.h>
| #endif
| #ifdef HAVE_INTTYPES_H
| # include <inttypes.h>
| #endif
| #ifdef HAVE_STDINT_H
| # include <stdint.h>
| #endif
| #ifdef HAVE_UNISTD_H
| # include <unistd.h>
| #endif
| int
| main ()
| {
| #ifndef __SUNPRO_CC
|   (void) __SUNPRO_CC;
| #endif
| 
|   ;
|   return 0;
| }
configure:5039: result: no
configure:5218: checking how to print strings
configure:5245: result: printf
configure:5266: checking for a sed that does not truncate output
configure:5345: result: /usr/bin/sed
configure:5363: checking for fgrep
configure:5441: result: /usr/bin/grep -F
configure:5476: checking for ld used by gcc
configure:5543: result: /usr/llvm-gcc-4.2/libexec/gcc/i686-apple-darwin10/4.2.1/ld
configure:5552: checking if the linker (/usr/llvm-gcc-4.2/libexec/gcc/i686-apple-darwin10/4.2.1/ld) is GNU ld
configure:5567: result: no
configure:5579: checking for BSD- or MS-compatible name lister (nm)
configure:5628: result: /usr/bin/nm
configure:5762: checking the name lister (/usr/bin/nm) interface
configure:5769: g++ -c  -g -DNDEBUG  conftest.cpp >&5
configure:5772: /usr/bin/nm "conftest.o"
configure:5775: output
00000000000001c0 S _some_variable
configure:5782: result: BSD nm
configure:5785: checking whether ln -s works
configure:5789: result: yes
configure:5797: checking the maximum length of command line arguments
configure:5922: result: 196608
configure:5939: checking whether the shell understands some XSI constructs
configure:5949: result: yes
configure:5953: checking whether the shell understands "+="
configure:5959: result: yes
configure:5994: checking for /usr/llvm-gcc-4.2/libexec/gcc/i686-apple-darwin10/4.2.1/ld option to reload object files
configure:6001: result: -r
configure:6070: checking for objdump
configure:6100: result: no
configure:6133: checking how to recognize dependent libraries
configure:6335: result: pass_all
configure:6395: checking for ar
configure:6411: found /usr/bin/ar
configure:6422: result: ar
configure:6504: checking for strip
configure:6520: found /usr/bin/strip
configure:6531: result: strip
configure:6607: checking for ranlib
configure:6623: found /usr/bin/ranlib
configure:6634: result: ranlib
configure:6740: checking command to parse /usr/bin/nm output from gcc object
configure:6858: g++ -c  -g -DNDEBUG  conftest.cpp >&5
configure:6861: $? = 0
configure:6865: /usr/bin/nm conftest.o \| sed -n -e 's/^.*[ ]\([BCDEGRST][BCDEGRST]*\)[ ][ ]*\([_A-Za-z][_A-Za-z0-9]*\)$/\1 \2 \2/p' \> conftest.nm
configure:6868: $? = 0
cannot find nm_test_var in conftest.nm
configure:6858: g++ -c  -g -DNDEBUG  conftest.cpp >&5
configure:6861: $? = 0
configure:6865: /usr/bin/nm conftest.o \| sed -n -e 's/^.*[ ]\([BCDEGRST][BCDEGRST]*\)[ ][ ]*_\([_A-Za-z][_A-Za-z0-9]*\)$/\1 _\2 \2/p' \> conftest.nm
configure:6868: $? = 0
configure:6922: g++ -o conftest  -g -DNDEBUG   conftest.cpp conftstm.o >&5
configure:6925: $? = 0
configure:6963: result: ok
configure:7253: checking for dsymutil
configure:7269: found /usr/bin/dsymutil
configure:7280: result: dsymutil
configure:7349: checking for nmedit
configure:7365: found /usr/bin/nmedit
configure:7376: result: nmedit
configure:7445: checking for lipo
configure:7461: found /usr/bin/lipo
configure:7472: result: lipo
configure:7541: checking for otool
configure:7557: found /usr/bin/otool
configure:7568: result: otool
configure:7637: checking for otool64
configure:7667: result: no
configure:7716: checking for -single_module linker flag
gcc   -o libconftest.dylib -dynamiclib -Wl,-single_module conftest.c
configure:7743: result: yes
configure:7745: checking for -exported_symbols_list linker flag
configure:7775: g++ -o conftest  -g -DNDEBUG   -Wl,-exported_symbols_list,conftest.sym conftest.cpp  >&5
configure:7781: $? = 0
configure:7800: result: yes
configure:7802: checking for -force_load linker flag
gcc  -c -o conftest.o conftest.c
ar cru libconftest.a conftest.o
ranlib libconftest.a
gcc   -o conftest conftest.c -Wl,-force_load,./libconftest.a
configure:7832: result: yes
configure:7873: checking for dlfcn.h
configure:7894: g++ -c  -g -DNDEBUG  conftest.cpp >&5
configure:7900: $? = 0
configure:7916: result: yes
configure:8103: checking for objdir
configure:8118: result: .libs
configure:8389: checking if gcc supports -fno-rtti -fno-exceptions
configure:8407: gcc -c   -fno-rtti -fno-exceptions conftest.c >&5
cc1: warning: command line option "-fno-rtti" is valid for C++/ObjC++ but not for C
configure:8411: $? = 0
configure:8424: result: no
configure:8444: checking for gcc option to produce PIC
configure:8729: result: -fno-common -DPIC
configure:8741: checking if gcc PIC flag -fno-common -DPIC works
configure:8759: gcc -c   -fno-common -DPIC -DPIC conftest.c >&5
configure:8763: $? = 0
configure:8776: result: yes
configure:8800: checking if gcc static flag -static works
configure:8828: result: no
configure:8843: checking if gcc supports -c -o file.o
configure:8864: gcc -c   -o out/conftest2.o conftest.c >&5
configure:8868: $? = 0
configure:8890: result: yes
configure:8898: checking if gcc supports -c -o file.o
configure:8945: result: yes
configure:8978: checking whether the gcc linker (/usr/llvm-gcc-4.2/libexec/gcc/i686-apple-darwin10/4.2.1/ld) supports shared libraries
configure:10129: result: yes
configure:10374: checking dynamic linker characteristics
configure:11079: result: darwin10.8.0 dyld
configure:11186: checking how to hardcode library paths into programs
configure:11211: result: immediate
configure:12036: checking whether stripping libraries is possible
configure:12050: result: yes
configure:12076: checking if libtool supports shared libraries
configure:12078: result: yes
configure:12081: checking whether to build shared libraries
configure:12102: result: yes
configure:12105: checking whether to build static libraries
configure:12109: result: yes
configure:12132: checking how to run the C++ preprocessor
configure:12244: result: g++ -E
configure:12273: g++ -E  conftest.cpp
configure:12279: $? = 0
configure:12310: g++ -E  conftest.cpp
conftest.cpp:26:28: error: ac_nonexistent.h: No such file or directory
configure:12316: $? = 1
configure: failed program was:
| /* confdefs.h.  */
| #define PACKAGE_NAME "Protocol Buffers"
| #define PACKAGE_TARNAME "protobuf"
| #define PACKAGE_VERSION "2.2.0"
| #define PACKAGE_STRING "Protocol Buffers 2.2.0"
| #define PACKAGE_BUGREPORT "protobuf@googlegroups.com"
| #define PACKAGE "protobuf"
| #define VERSION "2.2.0"
| #define _GNU_SOURCE 1
| #define STDC_HEADERS 1
| #define HAVE_SYS_TYPES_H 1
| #define HAVE_SYS_STAT_H 1
| #define HAVE_STDLIB_H 1
| #define HAVE_STRING_H 1
| #define HAVE_MEMORY_H 1
| #define HAVE_STRINGS_H 1
| #define HAVE_INTTYPES_H 1
| #define HAVE_STDINT_H 1
| #define HAVE_UNISTD_H 1
| #define __EXTENSIONS__ 1
| #define _POSIX_PTHREAD_SEMANTICS 1
| #define _TANDEM_SOURCE 1
| #define HAVE_DLFCN_H 1
| #define LT_OBJDIR ".libs/"
| /* end confdefs.h.  */
| #include <ac_nonexistent.h>
configure:12493: checking for ld used by g++
configure:12560: result: /usr/llvm-gcc-4.2/libexec/gcc/i686-apple-darwin10/4.2.1/ld
configure:12569: checking if the linker (/usr/llvm-gcc-4.2/libexec/gcc/i686-apple-darwin10/4.2.1/ld) is GNU ld
configure:12584: result: no
configure:12639: checking whether the g++ linker (/usr/llvm-gcc-4.2/libexec/gcc/i686-apple-darwin10/4.2.1/ld) supports shared libraries
configure:13625: result: yes
configure:13653: g++ -c  -g -DNDEBUG  conftest.cpp >&5
configure:13656: $? = 0
configure:13838: checking for g++ option to produce PIC
configure:14160: result: -fno-common -DPIC
configure:14169: checking if g++ PIC flag -fno-common -DPIC works
configure:14187: g++ -c  -g -DNDEBUG  -fno-common -DPIC -DPIC conftest.cpp >&5
configure:14191: $? = 0
configure:14204: result: yes
configure:14225: checking if g++ static flag -static works
configure:14253: result: no
configure:14265: checking if g++ supports -c -o file.o
configure:14286: g++ -c  -g -DNDEBUG  -o out/conftest2.o conftest.cpp >&5
configure:14290: $? = 0
configure:14312: result: yes
configure:14317: checking if g++ supports -c -o file.o
configure:14364: result: yes
configure:14394: checking whether the g++ linker (/usr/llvm-gcc-4.2/libexec/gcc/i686-apple-darwin10/4.2.1/ld) supports shared libraries
configure:14422: result: yes
configure:14565: checking dynamic linker characteristics
configure:15204: result: darwin10.8.0 dyld
configure:15257: checking how to hardcode library paths into programs
configure:15282: result: immediate
configure:15342: checking for ANSI C header files
configure:15506: result: yes
configure:15535: checking fcntl.h usability
configure:15552: g++ -c  -g -DNDEBUG  conftest.cpp >&5
configure:15558: $? = 0
configure:15572: result: yes
configure:15576: checking fcntl.h presence
configure:15591: g++ -E  conftest.cpp
configure:15597: $? = 0
configure:15611: result: yes
configure:15644: checking for fcntl.h
configure:15652: result: yes
configure:15525: checking for inttypes.h
configure:15531: result: yes
configure:15535: checking limits.h usability
configure:15552: g++ -c  -g -DNDEBUG  conftest.cpp >&5
configure:15558: $? = 0
configure:15572: result: yes
configure:15576: checking limits.h presence
configure:15591: g++ -E  conftest.cpp
configure:15597: $? = 0
configure:15611: result: yes
configure:15644: checking for limits.h
configure:15652: result: yes
configure:15525: checking for stdlib.h
configure:15531: result: yes
configure:15525: checking for unistd.h
configure:15531: result: yes
configure:15667: checking for working memcmp
configure:15720: g++ -o conftest  -g -DNDEBUG   conftest.cpp  >&5
configure:15723: $? = 0
configure:15729: ./conftest
configure:15732: $? = 0
configure:15748: result: yes
configure:15757: checking for working strtod
configure:15808: g++ -o conftest  -g -DNDEBUG   conftest.cpp  >&5
conftest.cpp: In function 'int main()':
conftest.cpp:74: warning: deprecated conversion from string constant to 'char*'
conftest.cpp:85: warning: deprecated conversion from string constant to 'char*'
configure:15811: $? = 0
configure:15817: ./conftest
configure:15820: $? = 0
configure:15836: result: yes
configure:16009: checking for ftruncate
configure:16065: g++ -o conftest  -g -DNDEBUG   conftest.cpp  >&5
configure:16071: $? = 0
configure:16089: result: yes
configure:16009: checking for memset
configure:16065: g++ -o conftest  -g -DNDEBUG   conftest.cpp  >&5
configure:16071: $? = 0
configure:16089: result: yes
configure:16009: checking for mkdir
configure:16065: g++ -o conftest  -g -DNDEBUG   conftest.cpp  >&5
configure:16071: $? = 0
configure:16089: result: yes
configure:16009: checking for strchr
configure:16065: g++ -o conftest  -g -DNDEBUG   conftest.cpp  >&5
configure:16071: $? = 0
configure:16089: result: yes
configure:16009: checking for strerror
configure:16065: g++ -o conftest  -g -DNDEBUG   conftest.cpp  >&5
configure:16071: $? = 0
configure:16089: result: yes
configure:16009: checking for strtol
configure:16065: g++ -o conftest  -g -DNDEBUG   conftest.cpp  >&5
configure:16071: $? = 0
configure:16089: result: yes
configure:16102: checking for library containing zlibVersion
configure:16143: g++ -o conftest  -g -DNDEBUG   conftest.cpp  >&5
Undefined symbols for architecture x86_64:
  "_zlibVersion", referenced from:
      _main in cciHJckA.o
ld: symbol(s) not found for architecture x86_64
collect2: ld returned 1 exit status
configure:16149: $? = 1
configure: failed program was:
| /* confdefs.h.  */
| #define PACKAGE_NAME "Protocol Buffers"
| #define PACKAGE_TARNAME "protobuf"
| #define PACKAGE_VERSION "2.2.0"
| #define PACKAGE_STRING "Protocol Buffers 2.2.0"
| #define PACKAGE_BUGREPORT "protobuf@googlegroups.com"
| #define PACKAGE "protobuf"
| #define VERSION "2.2.0"
| #define _GNU_SOURCE 1
| #define STDC_HEADERS 1
| #define HAVE_SYS_TYPES_H 1
| #define HAVE_SYS_STAT_H 1
| #define HAVE_STDLIB_H 1
| #define HAVE_STRING_H 1
| #define HAVE_MEMORY_H 1
| #define HAVE_STRINGS_H 1
| #define HAVE_INTTYPES_H 1
| #define HAVE_STDINT_H 1
| #define HAVE_UNISTD_H 1
| #define __EXTENSIONS__ 1
| #define _POSIX_PTHREAD_SEMANTICS 1
| #define _TANDEM_SOURCE 1
| #define HAVE_DLFCN_H 1
| #define LT_OBJDIR ".libs/"
| #define STDC_HEADERS 1
| #define HAVE_FCNTL_H 1
| #define HAVE_INTTYPES_H 1
| #define HAVE_LIMITS_H 1
| #define HAVE_STDLIB_H 1
| #define HAVE_UNISTD_H 1
| #define HAVE_FTRUNCATE 1
| #define HAVE_MEMSET 1
| #define HAVE_MKDIR 1
| #define HAVE_STRCHR 1
| #define HAVE_STRERROR 1
| #define HAVE_STRTOL 1
| /* end confdefs.h.  */
| 
| /* Override any GCC internal prototype to avoid an error.
|    Use char because int might match the return type of a GCC
|    builtin and then its argument prototype would still apply.  */
| #ifdef __cplusplus
| extern "C"
| #endif
| char zlibVersion ();
| int
| main ()
| {
| return zlibVersion ();
|   ;
|   return 0;
| }
configure:16143: g++ -o conftest  -g -DNDEBUG   conftest.cpp -lz   >&5
configure:16149: $? = 0
configure:16177: result: -lz
configure:16436: checking for the pthreads library -lpthreads
configure:16479: gcc -o conftest     conftest.c -lpthreads -lz  >&5
ld: library not found for -lpthreads
collect2: ld returned 1 exit status
configure:16485: $? = 1
configure: failed program was:
| /* confdefs.h.  */
| #define PACKAGE_NAME "Protocol Buffers"
| #define PACKAGE_TARNAME "protobuf"
| #define PACKAGE_VERSION "2.2.0"
| #define PACKAGE_STRING "Protocol Buffers 2.2.0"
| #define PACKAGE_BUGREPORT "protobuf@googlegroups.com"
| #define PACKAGE "protobuf"
| #define VERSION "2.2.0"
| #define _GNU_SOURCE 1
| #define STDC_HEADERS 1
| #define HAVE_SYS_TYPES_H 1
| #define HAVE_SYS_STAT_H 1
| #define HAVE_STDLIB_H 1
| #define HAVE_STRING_H 1
| #define HAVE_MEMORY_H 1
| #define HAVE_STRINGS_H 1
| #define HAVE_INTTYPES_H 1
| #define HAVE_STDINT_H 1
| #define HAVE_UNISTD_H 1
| #define __EXTENSIONS__ 1
| #define _POSIX_PTHREAD_SEMANTICS 1
| #define _TANDEM_SOURCE 1
| #define HAVE_DLFCN_H 1
| #define LT_OBJDIR ".libs/"
| #define STDC_HEADERS 1
| #define HAVE_FCNTL_H 1
| #define HAVE_INTTYPES_H 1
| #define HAVE_LIMITS_H 1
| #define HAVE_STDLIB_H 1
| #define HAVE_UNISTD_H 1
| #define HAVE_FTRUNCATE 1
| #define HAVE_MEMSET 1
| #define HAVE_MKDIR 1
| #define HAVE_STRCHR 1
| #define HAVE_STRERROR 1
| #define HAVE_STRTOL 1
| #define HAVE_ZLIB 1
| /* end confdefs.h.  */
| #include <pthread.h>
| int
| main ()
| {
| pthread_t th; pthread_join(th, 0);
|                      pthread_attr_init(0); pthread_cleanup_push(0, 0);
|                      pthread_create(0,0,0,0); pthread_cleanup_pop(0);
|   ;
|   return 0;
| }
configure:16505: result: no
configure:16381: checking whether pthreads work without any flags
configure:16479: gcc -o conftest     conftest.c  -lz  >&5
configure:16485: $? = 0
configure:16505: result: yes
configure:16524: checking for joinable pthread attribute
configure:16549: gcc -o conftest     conftest.c  -lz  >&5
configure:16555: $? = 0
configure:16572: result: PTHREAD_CREATE_JOINABLE
configure:16582: checking if more special flags are required for pthreads
configure:16589: result: -D_THREAD_SAFE
configure:16678: checking whether to check for GCC pthread/shared inconsistencies
configure:16701: gcc -o conftest -shared -fPIC -Wl,-z,defs  -D_THREAD_SAFE    conftest.c  -lz  >&5
ld: unknown option: -z
collect2: ld returned 1 exit status
configure:16707: $? = 1
configure: failed program was:
| /* confdefs.h.  */
| #define PACKAGE_NAME "Protocol Buffers"
| #define PACKAGE_TARNAME "protobuf"
| #define PACKAGE_VERSION "2.2.0"
| #define PACKAGE_STRING "Protocol Buffers 2.2.0"
| #define PACKAGE_BUGREPORT "protobuf@googlegroups.com"
| #define PACKAGE "protobuf"
| #define VERSION "2.2.0"
| #define _GNU_SOURCE 1
| #define STDC_HEADERS 1
| #define HAVE_SYS_TYPES_H 1
| #define HAVE_SYS_STAT_H 1
| #define HAVE_STDLIB_H 1
| #define HAVE_STRING_H 1
| #define HAVE_MEMORY_H 1
| #define HAVE_STRINGS_H 1
| #define HAVE_INTTYPES_H 1
| #define HAVE_STDINT_H 1
| #define HAVE_UNISTD_H 1
| #define __EXTENSIONS__ 1
| #define _POSIX_PTHREAD_SEMANTICS 1
| #define _TANDEM_SOURCE 1
| #define HAVE_DLFCN_H 1
| #define LT_OBJDIR ".libs/"
| #define STDC_HEADERS 1
| #define HAVE_FCNTL_H 1
| #define HAVE_INTTYPES_H 1
| #define HAVE_LIMITS_H 1
| #define HAVE_STDLIB_H 1
| #define HAVE_UNISTD_H 1
| #define HAVE_FTRUNCATE 1
| #define HAVE_MEMSET 1
| #define HAVE_MKDIR 1
| #define HAVE_STRCHR 1
| #define HAVE_STRERROR 1
| #define HAVE_STRTOL 1
| #define HAVE_ZLIB 1
| /* end confdefs.h.  */
| 
| int
| main ()
| {
| 
|   ;
|   return 0;
| }
configure:16725: result: no
configure:16955: checking the location of hash_map
configure:16989: g++ -c  -g -DNDEBUG  conftest.cpp >&5
configure:16995: $? = 0
configure:17040: result: <ext/hash_map>
configure:17200: creating ./config.status

## ---------------------- ##
## Running config.status. ##
## ---------------------- ##

This file was extended by Protocol Buffers config.status 2.2.0, which was
generated by GNU Autoconf 2.61.  Invocation command line was

  CONFIG_FILES    = 
  CONFIG_HEADERS  = 
  CONFIG_LINKS    = 
  CONFIG_COMMANDS = 
  $ ./config.status 

on rrdhcp-60-161.redrover.cornell.edu

config.status:933: creating Makefile
config.status:933: creating src/Makefile
config.status:933: creating protobuf.pc
config.status:933: creating protobuf-lite.pc
config.status:933: creating config.h
config.status:1184: config.h is unchanged
config.status:1230: executing depfiles commands
config.status:1230: executing libtool commands
configure:19736: === configuring in gtest (/Users/xdfhuke/Desktop/HUSION/ProtocolBuffers-2.2.0-Source/gtest)
configure:19839: running /bin/sh ./configure '--prefix=/usr/local'  --cache-file=/dev/null --srcdir=.

## ---------------- ##
## Cache variables. ##
## ---------------- ##

ac_cv_build=i386-apple-darwin10.8.0
ac_cv_c_compiler_gnu=yes
ac_cv_cxx_compiler_gnu=yes
ac_cv_cxx_hash_map='<ext/hash_map>'
ac_cv_cxx_hash_namespace=__gnu_cxx
ac_cv_cxx_hash_set='<ext/hash_set>'
ac_cv_env_CCC_set=
ac_cv_env_CCC_value=
ac_cv_env_CC_set=
ac_cv_env_CC_value=
ac_cv_env_CFLAGS_set=
ac_cv_env_CFLAGS_value=
ac_cv_env_CPPFLAGS_set=
ac_cv_env_CPPFLAGS_value=
ac_cv_env_CXXCPP_set=
ac_cv_env_CXXCPP_value=
ac_cv_env_CXXFLAGS_set=
ac_cv_env_CXXFLAGS_value=
ac_cv_env_CXX_set=
ac_cv_env_CXX_value=
ac_cv_env_LDFLAGS_set=
ac_cv_env_LDFLAGS_value=
ac_cv_env_LIBS_set=
ac_cv_env_LIBS_value=
ac_cv_env_build_alias_set=
ac_cv_env_build_alias_value=
ac_cv_env_host_alias_set=
ac_cv_env_host_alias_value=
ac_cv_env_target_alias_set=
ac_cv_env_target_alias_value=
ac_cv_func_ftruncate=yes
ac_cv_func_memcmp_working=yes
ac_cv_func_memset=yes
ac_cv_func_mkdir=yes
ac_cv_func_strchr=yes
ac_cv_func_strerror=yes
ac_cv_func_strtod=yes
ac_cv_func_strtol=yes
ac_cv_have_decl___SUNPRO_CC=no
ac_cv_header_dlfcn_h=yes
ac_cv_header_fcntl_h=yes
ac_cv_header_inttypes_h=yes
ac_cv_header_limits_h=yes
ac_cv_header_memory_h=yes
ac_cv_header_minix_config_h=no
ac_cv_header_stdc=yes
ac_cv_header_stdint_h=yes
ac_cv_header_stdlib_h=yes
ac_cv_header_string_h=yes
ac_cv_header_strings_h=yes
ac_cv_header_sys_stat_h=yes
ac_cv_header_sys_types_h=yes
ac_cv_header_unistd_h=yes
ac_cv_host=i386-apple-darwin10.8.0
ac_cv_objext=o
ac_cv_path_EGREP='/usr/bin/grep -E'
ac_cv_path_FGREP='/usr/bin/grep -F'
ac_cv_path_GREP=/usr/bin/grep
ac_cv_path_SED=/usr/bin/sed
ac_cv_path_install='/usr/bin/install -c'
ac_cv_prog_AWK=awk
ac_cv_prog_CXXCPP='g++ -E'
ac_cv_prog_ac_ct_AR=ar
ac_cv_prog_ac_ct_CC=gcc
ac_cv_prog_ac_ct_CXX=g++
ac_cv_prog_ac_ct_DSYMUTIL=dsymutil
ac_cv_prog_ac_ct_LIPO=lipo
ac_cv_prog_ac_ct_NMEDIT=nmedit
ac_cv_prog_ac_ct_OTOOL=otool
ac_cv_prog_ac_ct_RANLIB=ranlib
ac_cv_prog_ac_ct_STRIP=strip
ac_cv_prog_cc_c89=
ac_cv_prog_cc_g=yes
ac_cv_prog_cxx_g=yes
ac_cv_prog_make_make_set=yes
ac_cv_safe_to_define___extensions__=yes
ac_cv_search_zlibVersion=-lz
ac_cv_target=i386-apple-darwin10.8.0
am_cv_CC_dependencies_compiler_type=gcc3
am_cv_CXX_dependencies_compiler_type=gcc3
lt_cv_apple_cc_single_mod=yes
lt_cv_deplibs_check_method=pass_all
lt_cv_file_magic_cmd='$MAGIC_CMD'
lt_cv_file_magic_test_file=
lt_cv_ld_exported_symbols_list=yes
lt_cv_ld_force_load=yes
lt_cv_ld_reload_flag=-r
lt_cv_nm_interface='BSD nm'
lt_cv_objdir=.libs
lt_cv_path_LD=/usr/llvm-gcc-4.2/libexec/gcc/i686-apple-darwin10/4.2.1/ld
lt_cv_path_LDCXX=/usr/llvm-gcc-4.2/libexec/gcc/i686-apple-darwin10/4.2.1/ld
lt_cv_path_NM=/usr/bin/nm
lt_cv_prog_compiler_c_o=yes
lt_cv_prog_compiler_c_o_CXX=yes
lt_cv_prog_compiler_pic_works=yes
lt_cv_prog_compiler_pic_works_CXX=yes
lt_cv_prog_compiler_rtti_exceptions=no
lt_cv_prog_compiler_static_works=no
lt_cv_prog_compiler_static_works_CXX=no
lt_cv_prog_gnu_ld=no
lt_cv_prog_gnu_ldcxx=no
lt_cv_sys_global_symbol_pipe='sed -n -e '\''s/^.*[	 ]\([BCDEGRST][BCDEGRST]*\)[	 ][	 ]*_\([_A-Za-z][_A-Za-z0-9]*\)$/\1 _\2 \2/p'\'''
lt_cv_sys_global_symbol_to_c_name_address='sed -n -e '\''s/^: \([^ ]*\) $/  {\"\1\", (void *) 0},/p'\'' -e '\''s/^[BCDEGRST]* \([^ ]*\) \([^ ]*\)$/  {"\2", (void *) \&\2},/p'\'''
lt_cv_sys_global_symbol_to_c_name_address_lib_prefix='sed -n -e '\''s/^: \([^ ]*\) $/  {\"\1\", (void *) 0},/p'\'' -e '\''s/^[BCDEGRST]* \([^ ]*\) \(lib[^ ]*\)$/  {"\2", (void *) \&\2},/p'\'' -e '\''s/^[BCDEGRST]* \([^ ]*\) \([^ ]*\)$/  {"lib\2", (void *) \&\2},/p'\'''
lt_cv_sys_global_symbol_to_cdecl='sed -n -e '\''s/^T .* \(.*\)$/extern int \1();/p'\'' -e '\''s/^[BCDEGRST]* .* \(.*\)$/extern char \1;/p'\'''
lt_cv_sys_max_cmd_len=196608

## ----------------- ##
## Output variables. ##
## ----------------- ##

ACLOCAL='${SHELL} /Users/xdfhuke/Desktop/HUSION/ProtocolBuffers-2.2.0-Source/missing --run aclocal-1.10'
AMDEPBACKSLASH='\'
AMDEP_FALSE='#'
AMDEP_TRUE=''
AMTAR='${SHELL} /Users/xdfhuke/Desktop/HUSION/ProtocolBuffers-2.2.0-Source/missing --run tar'
AR='ar'
AUTOCONF='${SHELL} /Users/xdfhuke/Desktop/HUSION/ProtocolBuffers-2.2.0-Source/missing --run autoconf'
AUTOHEADER='${SHELL} /Users/xdfhuke/Desktop/HUSION/ProtocolBuffers-2.2.0-Source/missing --run autoheader'
AUTOMAKE='${SHELL} /Users/xdfhuke/Desktop/HUSION/ProtocolBuffers-2.2.0-Source/missing --run automake-1.10'
AWK='awk'
CC='gcc'
CCDEPMODE='depmode=gcc3'
CFLAGS=''
CPPFLAGS=''
CXX='g++'
CXXCPP='g++ -E'
CXXDEPMODE='depmode=gcc3'
CXXFLAGS=' -g -DNDEBUG'
CYGPATH_W='echo'
DEFS='-DHAVE_CONFIG_H'
DEPDIR='.deps'
DSYMUTIL='dsymutil'
DUMPBIN=''
ECHO_C='ECHO_N=''
ECHO_T=''
EGREP='/usr/bin/grep -E'
EXEEXT=''
FGREP='/usr/bin/grep -F'
GCC_FALSE='#'
GCC_TRUE=''
GREP='/usr/bin/grep'
HAVE_ZLIB_FALSE='#'
HAVE_ZLIB_TRUE=''
INSTALL_DATA='${INSTALL} -m 644'
INSTALL_PROGRAM='${INSTALL}'
INSTALL_SCRIPT='${INSTALL}'
INSTALL_STRIP_PROGRAM='$(install_sh) -c -s'
ISAINFO=''
LD='/usr/llvm-gcc-4.2/libexec/gcc/i686-apple-darwin10/4.2.1/ld'
LDFLAGS=''
LIBOBJS=''
LIBS='-lz '
LIBTOOL='$(SHELL) $(top_builddir)/libtool'
LIPO='lipo'
LN_S='ln -s'
LTLIBOBJS=''
MAKEINFO='${SHELL} /Users/xdfhuke/Desktop/HUSION/ProtocolBuffers-2.2.0-Source/missing --run makeinfo'
NM='/usr/bin/nm'
NMEDIT='nmedit'
OBJDUMP='false'
OBJEXT='o'
OTOOL64=':'
OTOOL='otool'
PACKAGE='protobuf'
PACKAGE_BUGREPORT='protobuf@googlegroups.com'
PACKAGE_NAME='Protocol Buffers'
PACKAGE_STRING='Protocol Buffers 2.2.0'
PACKAGE_TARNAME='protobuf'
PACKAGE_VERSION='2.2.0'
PATH_SEPARATOR=':'
POW_LIB=''
PROTOBUF_OPT_FLAG='-O2'
PROTOC=''
PTHREAD_CC='gcc'
PTHREAD_CFLAGS='-D_THREAD_SAFE '
PTHREAD_LIBS=''
RANLIB='ranlib'
SED='/usr/bin/sed'
SET_MAKE=''
SHELL='/bin/sh'
STRIP='strip'
USE_EXTERNAL_PROTOC_FALSE=''
USE_EXTERNAL_PROTOC_TRUE='#'
VERSION='2.2.0'
ac_ct_CC='gcc'
ac_ct_CXX='g++'
ac_ct_DUMPBIN=''
acx_pthread_config=''
am__fastdepCC_FALSE='#'
am__fastdepCC_TRUE=''
am__fastdepCXX_FALSE='#'
am__fastdepCXX_TRUE=''
am__include='include'
am__isrc=''
am__leading_dot='.'
am__quote=''
am__tar='${AMTAR} chof - "$$tardir"'
am__untar='${AMTAR} xf -'
bindir='${exec_prefix}/bin'
build='i386-apple-darwin10.8.0'
build_alias=''
build_cpu='i386'
build_os='darwin10.8.0'
build_vendor='apple'
datadir='${datarootdir}'
datarootdir='${prefix}/share'
docdir='${datarootdir}/doc/${PACKAGE_TARNAME}'
dvidir='${docdir}'
exec_prefix='${prefix}'
host='i386-apple-darwin10.8.0'
host_alias=''
host_cpu='i386'
host_os='darwin10.8.0'
host_vendor='apple'
htmldir='${docdir}'
includedir='${prefix}/include'
infodir='${datarootdir}/info'
install_sh='$(SHELL) /Users/xdfhuke/Desktop/HUSION/ProtocolBuffers-2.2.0-Source/install-sh'
libdir='${exec_prefix}/lib'
libexecdir='${exec_prefix}/libexec'
localedir='${datarootdir}/locale'
localstatedir='${prefix}/var'
mandir='${datarootdir}/man'
mkdir_p='$(top_builddir)/./install-sh -c -d'
oldincludedir='/usr/include'
pdfdir='${docdir}'
prefix='/usr/local'
program_transform_name='s,x,x,'
psdir='${docdir}'
sbindir='${exec_prefix}/sbin'
sharedstatedir='${prefix}/com'
subdirs=' gtest'
sysconfdir='${prefix}/etc'
target='i386-apple-darwin10.8.0'
target_alias=''
target_cpu='i386'
target_os='darwin10.8.0'
target_vendor='apple'

## ----------- ##
## confdefs.h. ##
## ----------- ##

#define PACKAGE_NAME "Protocol Buffers"
#define PACKAGE_TARNAME "protobuf"
#define PACKAGE_VERSION "2.2.0"
#define PACKAGE_STRING "Protocol Buffers 2.2.0"
#define PACKAGE_BUGREPORT "protobuf@googlegroups.com"
#define PACKAGE "protobuf"
#define VERSION "2.2.0"
#define _GNU_SOURCE 1
#define STDC_HEADERS 1
#define HAVE_SYS_TYPES_H 1
#define HAVE_SYS_STAT_H 1
#define HAVE_STDLIB_H 1
#define HAVE_STRING_H 1
#define HAVE_MEMORY_H 1
#define HAVE_STRINGS_H 1
#define HAVE_INTTYPES_H 1
#define HAVE_STDINT_H 1
#define HAVE_UNISTD_H 1
#define __EXTENSIONS__ 1
#define _POSIX_PTHREAD_SEMANTICS 1
#define _TANDEM_SOURCE 1
#define HAVE_DLFCN_H 1
#define LT_OBJDIR ".libs/"
#define STDC_HEADERS 1
#define HAVE_FCNTL_H 1
#define HAVE_INTTYPES_H 1
#define HAVE_LIMITS_H 1
#define HAVE_STDLIB_H 1
#define HAVE_UNISTD_H 1
#define HAVE_FTRUNCATE 1
#define HAVE_MEMSET 1
#define HAVE_MKDIR 1
#define HAVE_STRCHR 1
#define HAVE_STRERROR 1
#define HAVE_STRTOL 1
#define HAVE_ZLIB 1
#define HAVE_PTHREAD 1
#define HAVE_HASH_MAP 1
#define HAVE_HASH_SET 1
#define HASH_MAP_H <ext/hash_map>
#define HASH_SET_H <ext/hash_set>
#define HASH_NAMESPACE __gnu_cxx

configure: exit 0
